<?xml version="1.0" encoding="UTF-8" ?>
<testsuite errors="1" failures="0" hostname="biko2" name="gsd.cdl.formula.EcosIMLTest" tests="1" time="0.249" timestamp="2011-05-08T20:54:26">
  <properties>
    <property name="netbeans.autoupdate.country" value="CA" />
    <property name="env.PROCESSOR_IDENTIFIER" value="Intel64 Family 6 Model 30 Stepping 5, GenuineIntel" />
    <property name="javac.test.classpath" value="lib/graph-1.0.1-SNAPSHOT.jar:lib/kiama_2.8.0-1.0.1-sources.jar.zip:lib/kiama_2.8.0-1.0.1.jar:lib/optional-0.0.1.jar:lib/scalatest-1.2.jar:C:\Users\leonardo\Documents\NetBeansProjects\iml-parser-dev_1.0\dist\iml-parser-dev_1.0.jar:C:\Users\leonardo\Documents\NetBeansProjects\iml-parser-dev_1.0\dist\lib\java-cup-11a.jar:build/classes:C:\Program Files\NetBeans 6.8\platform11\modules\ext\junit-4.5.jar" />
    <property name="org.openide.TopManager.GUI" value="true" />
    <property name="libs.junit.javadoc" value="C:\Program Files\NetBeans 6.8\java3\docs\junit-3.8.2-api.zip" />
    <property name="ant.core.lib" value="C:\Program Files\NetBeans 6.8\java3\ant\lib\ant.jar" />
    <property name="libs.swing-app-framework.src" value="" />
    <property name="javadoc.windowtitle" value="" />
    <property name="libs.toplink.classpath" value="C:\Program Files\NetBeans 6.8\java3\modules\ext\toplink\toplink-essentials.jar;C:\Program Files\NetBeans 6.8\java3\modules\ext\toplink\toplink-essentials-agent.jar" />
    <property name="user.dir" value="C:\Users\leonardo\Documents\NetBeansProjects\xcdl-analysis-dev_1.1" />
    <property name="libs.hibernate-persistence.javadoc" value="" />
    <property name="java.vm.version" value="19.1-b02" />
    <property name="env.USERPROFILE" value="C:\Users\leonardo" />
    <property name="libs.MySQLDriver.classpath" value="C:\Program Files\NetBeans 6.8\ide12\modules\ext\mysql-connector-java-5.1.6-bin.jar" />
    <property name="javadoc.notree" value="false" />
    <property name="netbeans.autoupdate.version" value="1.23" />
    <property name="env.SCALA_HOME" value="C:\Program Files\scala" />
    <property name="libs.hibernate-support.maven-pom" value="" />
    <property name="libs.hibernate-support.javadoc" value="" />
    <property name="jdk.home" value="C:\Program Files\Java\jdk1.6.0_24" />
    <property name="libs.javac-api.src" value="" />
    <property name="javadoc.noindex" value="false" />
    <property name="sun.os.patch.level" value="" />
    <property name="java.vm.specification.name" value="Java Virtual Machine Specification" />
    <property name="scalac.deprecation" value="no" />
    <property name="nb.show.statistics.ui" value="usageStatisticsEnabled" />
    <property name="netbeans.autoupdate.variant" value="" />
    <property name="have.tests" value="true" />
    <property name="org.xml.sax.driver" value="com.sun.org.apache.xerces.internal.jaxp.SAXParserImpl$JAXPSAXParser" />
    <property name="libs.javac-api.javadoc" value="" />
    <property name="os.name" value="Windows 7" />
    <property name="libs.beans-binding.classpath" value="C:\Program Files\NetBeans 6.8\java3\modules\ext\beansbinding-1.2.1.jar" />
    <property name="env.LOCALAPPDATA" value="C:\Users\leonardo\AppData\Local" />
    <property name="env.TMP" value="C:\Users\leonardo\AppData\Local\Temp" />
    <property name="libs.JWSAntTasks.maven-pom" value="" />
    <property name="java.vendor.url.bug" value="http://java.sun.com/cgi-bin/bugreport.cgi" />
    <property name="env.ProgramW6432" value="C:\Program Files" />
    <property name="libs.jaxb.maven-pom" value="" />
    <property name="os.arch" value="amd64" />
    <property name="libs.eclipselink.src" value="" />
    <property name="user.name" value="leonardo" />
    <property name="libs.swing-layout.maven-pom" value="" />
    <property name="build.classes.dir" value="build/classes" />
    <property name="netbeans.accept_license_class" value="org.netbeans.license.AcceptLicense" />
    <property name="env.FP_NO_HOST_CHECK" value="NO" />
    <property name="build.sysclasspath" value="ignore" />
    <property name="env.ProgramFiles" value="C:\Program Files" />
    <property name="libs.jaxws21.javadoc" value="C:\Program Files\NetBeans 6.8\java3\docs\jaxws-api-doc.zip" />
    <property name="includes" value="**" />
    <property name="env.MOZ_PLUGIN_PATH" value="C:\Program Files (x86)\Foxit Software\Foxit Reader\plugins\" />
    <property name="env.OS" value="Windows_NT" />
    <property name="env.windir" value="C:\Windows" />
    <property name="user.country" value="CA" />
    <property name="manifest.file" value="manifest.mf" />
    <property name="javadoc.encoding" value="UTF-8" />
    <property name="javac.classpath" value="lib/graph-1.0.1-SNAPSHOT.jar:lib/kiama_2.8.0-1.0.1-sources.jar.zip:lib/kiama_2.8.0-1.0.1.jar:lib/optional-0.0.1.jar:lib/scalatest-1.2.jar:C:\Users\leonardo\Documents\NetBeansProjects\iml-parser-dev_1.0\dist\iml-parser-dev_1.0.jar:C:\Users\leonardo\Documents\NetBeansProjects\iml-parser-dev_1.0\dist\lib\java-cup-11a.jar" />
    <property name="env.PROCESSOR_ARCHITECTURE" value="AMD64" />
    <property name="env.configsetroot" value="C:\Windows\ConfigSetRoot" />
    <property name="netbeans.home" value="C:\Program Files\NetBeans 6.8\platform11" />
    <property name="build.compiler.emacs" value="true" />
    <property name="libs.ejb3-persistence.src" value="" />
    <property name="java.endorsed.dirs" value="C:\Program Files\Java\jdk1.6.0_24\jre\lib\endorsed" />
    <property name="env.TEMP" value="C:\Users\leonardo\AppData\Local\Temp" />
    <property name="netbeans.dynamic.classpath" value="C:\Program Files\NetBeans 6.8\platform11\core\core.jar;C:\Program Files\NetBeans 6.8\platform11\core\org-openide-filesystems.jar;C:\Program Files\NetBeans 6.8\platform11\core\locale\core_ja.jar;C:\Program Files\NetBeans 6.8\platform11\core\locale\core_pt_BR.jar;C:\Program Files\NetBeans 6.8\platform11\core\locale\core_zh_CN.jar;C:\Program Files\NetBeans 6.8\platform11\core\locale\org-openide-filesystems_ja.jar;C:\Program Files\NetBeans 6.8\platform11\core\locale\org-openide-filesystems_pt_BR.jar;C:\Program Files\NetBeans 6.8\platform11\core\locale\org-openide-filesystems_zh_CN.jar;C:\Program Files\NetBeans 6.8\nb6.8\core\org-netbeans-upgrader.jar;C:\Program Files\NetBeans 6.8\nb6.8\core\locale\core_nb.jar;C:\Program Files\NetBeans 6.8\nb6.8\core\locale\core_nb_ja.jar;C:\Program Files\NetBeans 6.8\nb6.8\core\locale\core_nb_pt_BR.jar;C:\Program Files\NetBeans 6.8\nb6.8\core\locale\core_nb_zh_CN.jar;C:\Program Files\NetBeans 6.8\nb6.8\core\locale\org-netbeans-upgrader_ja.jar;C:\Program Files\NetBeans 6.8\nb6.8\core\locale\org-netbeans-upgrader_pt_BR.jar;C:\Program Files\NetBeans 6.8\nb6.8\core\locale\org-netbeans-upgrader_zh_CN.jar" />
    <property name="java.vm.specification.version" value="1.0" />
    <property name="libs.hibernate-persistence.classpath" value="C:\Program Files\NetBeans 6.8\java3\modules\ext\hibernate\antlr-2.7.6.jar;C:\Program Files\NetBeans 6.8\java3\modules\ext\hibernate\asm.jar;C:\Program Files\NetBeans 6.8\java3\modules\ext\hibernate\asm-attrs.jar;C:\Program Files\NetBeans 6.8\java3\modules\ext\hibernate\cglib-2.1.3.jar;C:\Program Files\NetBeans 6.8\java3\modules\ext\hibernate\commons-collections-2.1.1.jar;C:\Program Files\NetBeans 6.8\ide12\modules\ext\commons-logging-1.1.jar;C:\Program Files\NetBeans 6.8\java3\modules\ext\hibernate\dom4j-1.6.1.jar;C:\Program Files\NetBeans 6.8\java3\modules\ext\hibernate\ehcache-1.2.3.jar;C:\Program Files\NetBeans 6.8\java3\modules\ext\hibernate\jdbc2_0-stdext.jar;C:\Program Files\NetBeans 6.8\java3\modules\ext\hibernate\jta.jar;C:\Program Files\NetBeans 6.8\java3\modules\ext\hibernate\hibernate3.jar;C:\Program Files\NetBeans 6.8\java3\modules\ext\hibernate\hibernate-tools.jar;C:\Program Files\NetBeans 6.8\java3\modules\ext\hibernate\hibernate-annotations.jar;C:\Program Files\NetBeans 6.8\java3\modules\ext\hibernate\hibernate-commons-annotations.jar;C:\Program Files\NetBeans 6.8\java3\modules\ext\hibernate\hibernate-entitymanager.jar;C:\Program Files\NetBeans 6.8\java3\modules\ext\hibernate\javassist.jar;C:\Program Files\NetBeans 6.8\java3\modules\ext\hibernate\ejb3-persistence.jar" />
    <property name="libs.jaxws21.src" value="" />
    <property name="application.title" value="xcdl-analysis" />
    <property name="libs.swing-app-framework.classpath" value="C:\Program Files\NetBeans 6.8\java3\modules\ext\appframework-1.0.3.jar;C:\Program Files\NetBeans 6.8\java3\modules\ext\swing-worker-1.1.jar" />
    <property name="netbeans.autoupdate.language" value="en" />
    <property name="env.PROMPT" value="$P$G" />
    <property name="java.vendor" value="Sun Microsystems Inc." />
    <property name="javac.debug" value="true" />
    <property name="javadoc.splitindex" value="true" />
    <property name="file.separator" value="\" />
    <property name="libs.junit_4.maven-pom" value="" />
    <property name="netbeans.buildnumber" value="200912041610" />
    <property name="libs.JWSAntTasks.javadoc" value="" />
    <property name="user.variant" value="" />
    <property name="file.reference.kiama_2.8.0-1.0.1.jar" value="lib/kiama_2.8.0-1.0.1.jar" />
    <property name="sun.java.launcher" value="SUN_STANDARD" />
    <property name="libs.junit.classpath" value="C:\Program Files\NetBeans 6.8\java3\modules\ext\junit-3.8.2.jar" />
    <property name="libs.jaxb.javadoc" value="C:\Program Files\NetBeans 6.8\ide12\docs\jaxb-api-doc.zip" />
    <property name="ant.home" value="C:\Program Files\NetBeans 6.8\java3\ant" />
    <property name="libs.junit_4.src" value="C:\Program Files\NetBeans 6.8\java3\docs\junit-4.5-src.jar" />
    <property name="libs.absolutelayout.maven-pom" value="" />
    <property name="ant.java.version" value="1.6" />
    <property name="java.library.path" value="C:\Program Files\Java\jdk1.6.0_24\jre\bin;.;C:\Windows\Sun\Java\bin;C:\Windows\system32;C:\Windows;C:\Program Files (x86)\CollabNet\Subversion Client;C:\Program Files (x86)\NVIDIA Corporation\PhysX\Common;C:\Program Files (x86)\MiKTeX 2.9\miktex\bin;C:\Windows\system32;C:\Windows;C:\Windows\System32\Wbem;C:\Windows\System32\WindowsPowerShell\v1.0\;;C:\Program Files\WIDCOMM\Bluetooth Software\;C:\Program Files\WIDCOMM\Bluetooth Software\syswow64;C:\Program Files (x86)\QuickTime\QTSystem\;C:\Program Files\scala\bin;C:\Program Files (x86)\yices-1.0.29\bin;C:\Program Files\Java\jdk1.6.0_24\bin;C:\Program Files (x86)\GnuWin32\bin;C:\Program Files\cup\bin;C:\Program Files\jflex\bin" />
    <property name="javadoc.author" value="false" />
    <property name="java.util.logging.config.class" value="org.netbeans.core.startup.TopLogging" />
    <property name="libs.PostgreSQLDriver.src" value="" />
    <property name="sun.arch.data.model" value="64" />
    <property name="basedir" value="C:\Users\leonardo\Documents\NetBeansProjects\xcdl-analysis-dev_1.1" />
    <property name="jar.compress" value="false" />
    <property name="path.separator" value=";" />
    <property name="env.USERDOMAIN" value="biko2" />
    <property name="sun.io.unicode.encoding" value="UnicodeLittle" />
    <property name="libs.jaxws21.classpath" value="C:\Program Files\NetBeans 6.8\ide12\modules\ext\jaxb\activation.jar;C:\Program Files\NetBeans 6.8\ide12\modules\ext\jaxb\api\jaxb-api.jar;C:\Program Files\NetBeans 6.8\ide12\modules\ext\jaxb\jaxb-impl.jar;C:\Program Files\NetBeans 6.8\ide12\modules\ext\jaxb\jaxb-xjc.jar;C:\Program Files\NetBeans 6.8\ide12\modules\ext\jaxb\api\jsr173_api.jar;C:\Program Files\NetBeans 6.8\java3\modules\ext\jaxws22\FastInfoset.jar;C:\Program Files\NetBeans 6.8\java3\modules\ext\jaxws22\gmbal-api-only.jar;C:\Program Files\NetBeans 6.8\java3\modules\ext\jaxws22\http.jar;C:\Program Files\NetBeans 6.8\java3\modules\ext\jaxws22\api\jaxws-api.jar;C:\Program Files\NetBeans 6.8\java3\modules\ext\jaxws22\jaxws-rt.jar;C:\Program Files\NetBeans 6.8\java3\modules\ext\jaxws22\jaxws-tools.jar;C:\Program Files\NetBeans 6.8\java3\modules\ext\jaxws22\api\jsr181-api.jar;C:\Program Files\NetBeans 6.8\java3\modules\ext\jaxws22\api\jsr250-api.jar;C:\Program Files\NetBeans 6.8\java3\modules\ext\jaxws22\management-api.jar;C:\Program Files\NetBeans 6.8\java3\modules\ext\jaxws22\mimepull.jar;C:\Program Files\NetBeans 6.8\java3\modules\ext\jaxws22\policy.jar;C:\Program Files\NetBeans 6.8\java3\modules\ext\jaxws22\api\saaj-api.jar;C:\Program Files\NetBeans 6.8\java3\modules\ext\jaxws22\saaj-impl.jar;C:\Program Files\NetBeans 6.8\java3\modules\ext\jaxws22\stax-ex.jar;C:\Program Files\NetBeans 6.8\java3\modules\ext\jaxws22\streambuffer.jar;C:\Program Files\NetBeans 6.8\java3\modules\ext\jaxws22\woodstox.jar" />
    <property name="env.SystemDrive" value="C:" />
    <property name="compile.on.save" value="false" />
    <property name="env.CommonProgramW6432" value="C:\Program Files\Common Files" />
    <property name="user.language" value="en" />
    <property name="libs.spring-framework.classpath" value="C:\Program Files\NetBeans 6.8\ide12\modules\ext\commons-logging-1.1.jar;C:\Program Files\NetBeans 6.8\java3\modules\ext\cglib-2.2.jar;C:\Program Files\NetBeans 6.8\java3\modules\ext\spring\spring-2.5.jar" />
    <property name="libs.eclipselink.maven-pom" value="" />
    <property name="application.vendor" value="leonardo" />
    <property name="env.CommonProgramFiles" value="C:\Program Files\Common Files" />
    <property name="manifest.available" value="true" />
    <property name="run.test.classpath" value="lib/graph-1.0.1-SNAPSHOT.jar:lib/kiama_2.8.0-1.0.1-sources.jar.zip:lib/kiama_2.8.0-1.0.1.jar:lib/optional-0.0.1.jar:lib/scalatest-1.2.jar:C:\Users\leonardo\Documents\NetBeansProjects\iml-parser-dev_1.0\dist\iml-parser-dev_1.0.jar:C:\Users\leonardo\Documents\NetBeansProjects\iml-parser-dev_1.0\dist\lib\java-cup-11a.jar:build/classes:C:\Program Files\NetBeans 6.8\platform11\modules\ext\junit-4.5.jar:build/test/classes" />
    <property name="useJavaUtilZip" value="true" />
    <property name="libs.swing-layout.javadoc" value="C:\Program Files\NetBeans 6.8\platform11\docs\swing-layout-1.0.4-doc.zip" />
    <property name="libs.swing-app-framework.javadoc" value="C:\Program Files\NetBeans 6.8\java3\docs\appframework-1.0.3-doc.zip" />
    <property name="libs.ejb3-persistence.maven-pom" value="" />
    <property name="https.nonProxyHosts" value="localhost|127.0.0.1|biko2" />
    <property name="libs.PostgreSQLDriver.maven-pom" value="" />
    <property name="java.class.version" value="50.0" />
    <property name="netbeans.system_http_proxy" value="DIRECT" />
    <property name="libs.eclipselink.javadoc" value="" />
    <property name="user.properties.file" value="C:\Users\leonardo\.netbeans\6.8\build.properties" />
    <property name="libs.spring-framework.src" value="" />
    <property name="libs.javac-api.maven-pom" value="" />
    <property name="file.encoding.pkg" value="sun.io" />
    <property name="sun.cpu.endian" value="little" />
    <property name="env.COMPUTERNAME" value="BIKO2" />
    <property name="libs.JWSAntTasks.classpath" value="C:\Program Files\NetBeans 6.8\java3\ant\extra\org-netbeans-modules-javawebstart-anttasks.jar" />
    <property name="env.LOGONSERVER" value="\\BIKO2" />
    <property name="file.reference.scalatest-1.2.jar" value="lib/scalatest-1.2.jar" />
    <property name="version-output" value="java version &quot;1.6" />
    <property name="java.platform.active" value="java_default_platform" />
    <property name="javadoc.preview" value="true" />
    <property name="nbplatform.default.harness.dir" value="C:\Program Files\NetBeans 6.8/harness" />
    <property name="java.home" value="C:\Program Files\Java\jdk1.6.0_24\jre" />
    <property name="debug.test.classpath" value="lib/graph-1.0.1-SNAPSHOT.jar:lib/kiama_2.8.0-1.0.1-sources.jar.zip:lib/kiama_2.8.0-1.0.1.jar:lib/optional-0.0.1.jar:lib/scalatest-1.2.jar:C:\Users\leonardo\Documents\NetBeansProjects\iml-parser-dev_1.0\dist\iml-parser-dev_1.0.jar:C:\Users\leonardo\Documents\NetBeansProjects\iml-parser-dev_1.0\dist\lib\java-cup-11a.jar:build/classes:C:\Program Files\NetBeans 6.8\platform11\modules\ext\junit-4.5.jar:build/test/classes" />
    <property name="scala.compiler" value="C:\Program Files\scala/lib/scala-compiler.jar" />
    <property name="netbeans.importclass" value="org.netbeans.upgrade.AutoUpgrade" />
    <property name="env.ProgramData" value="C:\ProgramData" />
    <property name="org.openide.TopManager" value="org.netbeans.core.NonGui" />
    <property name="libs.toplink.maven-pom" value="" />
    <property name="libs.PostgreSQLDriver.javadoc" value="" />
    <property name="libs.MySQLDriver.maven-pom" value="" />
    <property name="http.nonProxyHosts" value="localhost|127.0.0.1|biko2" />
    <property name="libs.junit_4.javadoc" value="C:\Program Files\NetBeans 6.8\java3\docs\junit-4.5-api.zip" />
    <property name="env.NUMBER_OF_PROCESSORS" value="8" />
    <property name="libs.toplink.src" value="" />
    <property name="run.classpath" value="lib/graph-1.0.1-SNAPSHOT.jar:lib/kiama_2.8.0-1.0.1-sources.jar.zip:lib/kiama_2.8.0-1.0.1.jar:lib/optional-0.0.1.jar:lib/scalatest-1.2.jar:C:\Users\leonardo\Documents\NetBeansProjects\iml-parser-dev_1.0\dist\iml-parser-dev_1.0.jar:C:\Users\leonardo\Documents\NetBeansProjects\iml-parser-dev_1.0\dist\lib\java-cup-11a.jar:build/classes" />
    <property name="libs.hibernate-support.src" value="" />
    <property name="sun.management.compiler" value="HotSpot 64-Bit Server Compiler" />
    <property name="javac.deprecation" value="false" />
    <property name="javadoc.use" value="true" />
    <property name="jna.boot.library.path" value="C:\Users\leonardo\.netbeans\6.8\var\cache\jna" />
    <property name="sun.java2d.noddraw" value="true" />
    <property name="javac.compilerargs" value="" />
    <property name="ant.file" value="C:\Users\leonardo\Documents\NetBeansProjects\xcdl-analysis-dev_1.1\build.xml" />
    <property name="env.PUBLIC" value="C:\Users\Public" />
    <property name="libs.beans-binding.maven-pom" value="" />
    <property name="sun.awt.exception.handler" value="org.netbeans.core.startup.TopLogging$AWTHandler" />
    <property name="subversion.native.library" value="C:\Program Files (x86)\CollabNet\Subversion Client\libsvnjavahl-1.dll" />
    <property name="libs.beans-binding.src" value="" />
    <property name="java.vm.specification.vendor" value="Sun Microsystems Inc." />
    <property name="libs.swing-layout.src" value="C:\Program Files\NetBeans 6.8\platform11\docs\swing-layout-1.0.4-src.zip" />
    <property name="org.openide.major.version" value="IDE/1" />
    <property name="java.vm.name" value="Java HotSpot(TM) 64-Bit Server VM" />
    <property name="netbeans.user" value="C:\Users\leonardo\.netbeans\6.8" />
    <property name="javadoc.additionalparam" value="" />
    <property name="java.io.tmpdir" value="C:\Users\leonardo\AppData\Local\Temp\" />
    <property name="java.vendor.url" value="http://java.sun.com/" />
    <property name="extdirs" value=" " />
    <property name="sun.boot.library.path" value="C:\Program Files\Java\jdk1.6.0_24\jre\bin" />
    <property name="have.sources" value="true" />
    <property name="debug.classpath" value="lib/graph-1.0.1-SNAPSHOT.jar:lib/kiama_2.8.0-1.0.1-sources.jar.zip:lib/kiama_2.8.0-1.0.1.jar:lib/optional-0.0.1.jar:lib/scalatest-1.2.jar:C:\Users\leonardo\Documents\NetBeansProjects\iml-parser-dev_1.0\dist\iml-parser-dev_1.0.jar:C:\Users\leonardo\Documents\NetBeansProjects\iml-parser-dev_1.0\dist\lib\java-cup-11a.jar:build/classes" />
    <property name="javadoc.private" value="false" />
    <property name="test.src.dir" value="test" />
    <property name="meta.inf.dir" value="src/META-INF" />
    <property name="env.SESSIONNAME" value="Console" />
    <property name="javadoc.encoding.used" value="UTF-8" />
    <property name="dist.jar" value="dist/xcdl-analysis.jar" />
    <property name="env.asl.log" value="Destination=file" />
    <property name="java.runtime.name" value="Java(TM) SE Runtime Environment" />
    <property name="ant.project.name" value="xcdl-analysis" />
    <property name="netbeans.hash.code" value="unique=NB_JAVA02ab5f29e-c743-4e89-83a5-901b467a9c04_81f3d736-7632-406b-a9ce-35667a1eb3dc" />
    <property name="env.ComSpec" value="C:\Windows\system32\cmd.exe" />
    <property name="sun.cpu.isalist" value="amd64" />
    <property name="libs.CopyLibs.javadoc" value="" />
    <property name="env.ProgramFiles(x86)" value="C:\Program Files (x86)" />
    <property name="org.openide.specification.version" value="6.2" />
    <property name="env.ALLUSERSPROFILE" value="C:\ProgramData" />
    <property name="libs.hibernate-support.classpath" value="C:\Program Files\NetBeans 6.8\java3\modules\ext\hibernate\antlr-2.7.6.jar;C:\Program Files\NetBeans 6.8\java3\modules\ext\hibernate\asm.jar;C:\Program Files\NetBeans 6.8\java3\modules\ext\hibernate\asm-attrs.jar;C:\Program Files\NetBeans 6.8\java3\modules\ext\hibernate\cglib-2.1.3.jar;C:\Program Files\NetBeans 6.8\java3\modules\ext\hibernate\commons-collections-2.1.1.jar;C:\Program Files\NetBeans 6.8\ide12\modules\ext\commons-logging-1.1.jar;C:\Program Files\NetBeans 6.8\java3\modules\ext\hibernate\dom4j-1.6.1.jar;C:\Program Files\NetBeans 6.8\java3\modules\ext\hibernate\ehcache-1.2.3.jar;C:\Program Files\NetBeans 6.8\java3\modules\ext\hibernate\jdbc2_0-stdext.jar;C:\Program Files\NetBeans 6.8\java3\modules\ext\hibernate\jta.jar;C:\Program Files\NetBeans 6.8\java3\modules\ext\hibernate\hibernate3.jar;C:\Program Files\NetBeans 6.8\java3\modules\ext\hibernate\hibernate-tools.jar;C:\Program Files\NetBeans 6.8\java3\modules\ext\hibernate\hibernate-annotations.jar;C:\Program Files\NetBeans 6.8\java3\modules\ext\hibernate\hibernate-commons-annotations.jar;C:\Program Files\NetBeans 6.8\java3\modules\ext\hibernate\hibernate-entitymanager.jar;C:\Program Files\NetBeans 6.8\java3\modules\ext\hibernate\javassist.jar" />
    <property name="user.home" value="C:\Users\leonardo" />
    <property name="env.JAVA_HOME" value="C:\Program Files\Java\jdk1.6.0_24" />
    <property name="debug-args-line" value="-Xdebug" />
    <property name="libs.JWSAntTasks.src" value="" />
    <property name="libs.CopyLibs.maven-pom" value="" />
    <property name="libs.hibernate-persistence.maven-pom" value="" />
    <property name="libs.absolutelayout.javadoc" value="" />
    <property name="env.PROCESSOR_REVISION" value="1e05" />
    <property name="java.specification.name" value="Java Platform API Specification" />
    <property name="file.reference.kiama_2.8.0-1.0.1-sources.jar.zip" value="lib/kiama_2.8.0-1.0.1-sources.jar.zip" />
    <property name="scalac.compilerargs" value="" />
    <property name="libs.swing-app-framework.maven-pom" value="" />
    <property name="env.CLASSPATH" value=".;C:\Program Files (x86)\QuickTime\QTSystem\QTJava.zip" />
    <property name="java.specification.vendor" value="Sun Microsystems Inc." />
    <property name="libs.javac-api.classpath" value="C:\Program Files\NetBeans 6.8\java3\modules\ext\javac-api-nb-7.0-b07.jar" />
    <property name="java.version" value="1.6.0_24" />
    <property name="javadoc.version" value="false" />
    <property name="libs.MySQLDriver.javadoc" value="" />
    <property name="org.openide.version" value="deprecated" />
    <property name="source.encoding" value="UTF-8" />
    <property name="libs.junit.maven-pom" value="" />
    <property name="env.PSModulePath" value="C:\Windows\system32\WindowsPowerShell\v1.0\Modules\" />
    <property name="ant.file.xcdl-analysis-impl" value="C:\Users\leonardo\Documents\NetBeansProjects\xcdl-analysis-dev_1.1\nbproject\build-impl.xml" />
    <property name="netbeans.home+have.tests" value="true" />
    <property name="libs.jaxb.src" value="" />
    <property name="work.dir" value="C:\Users\leonardo\Documents\NetBeansProjects\xcdl-analysis-dev_1.1" />
    <property name="env.PROCESSOR_LEVEL" value="6" />
    <property name="libs.jaxb.classpath" value="C:\Program Files\NetBeans 6.8\ide12\modules\ext\jaxb\activation.jar;C:\Program Files\NetBeans 6.8\ide12\modules\ext\jaxb\api\jaxb-api.jar;C:\Program Files\NetBeans 6.8\ide12\modules\ext\jaxb\jaxb-impl.jar;C:\Program Files\NetBeans 6.8\ide12\modules\ext\jaxb\jaxb1-impl.jar;C:\Program Files\NetBeans 6.8\ide12\modules\ext\jaxb\jaxb-xjc.jar;C:\Program Files\NetBeans 6.8\ide12\modules\ext\jaxb\api\jsr173_api.jar" />
    <property name="do.depend" value="false" />
    <property name="scala.class.path" value="C:\Program Files\scala\lib\jline.jar;C:\Program Files\scala\lib\scala-compiler.jar;C:\Program Files\scala\lib\scala-dbc.jar;C:\Program Files\scala\lib\scala-library.jar;C:\Program Files\scala\lib\scala-swing.jar;C:\Program Files\scala\lib\scalap.jar" />
    <property name="dist.javadoc.dir" value="dist/scaladoc" />
    <property name="libs.swing-layout.classpath" value="C:\Program Files\NetBeans 6.8\platform11\modules\ext\swing-layout-1.0.4.jar" />
    <property name="build.generated.dir" value="build/generated" />
    <property name="javac.source" value="1.5" />
    <property name="libs.hibernate-persistence.src" value="" />
    <property name="line.separator" value="
" />
    <property name="java.specification.version" value="1.6" />
    <property name="libs.jaxws21.maven-pom" value="" />
    <property name="java.vm.info" value="mixed mode" />
    <property name="file.reference.java-cup-11a.jar" value="C:\Users\leonardo\Documents\NetBeansProjects\iml-parser-dev_1.0\dist\lib\java-cup-11a.jar" />
    <property name="env.HOMEDRIVE" value="C:" />
    <property name="libs.spring-framework.maven-pom" value="" />
    <property name="sun.boot.class.path" value="C:\Program Files\Java\jdk1.6.0_24\jre\lib\resources.jar;C:\Program Files\Java\jdk1.6.0_24\jre\lib\rt.jar;C:\Program Files\Java\jdk1.6.0_24\jre\lib\sunrsasign.jar;C:\Program Files\Java\jdk1.6.0_24\jre\lib\jsse.jar;C:\Program Files\Java\jdk1.6.0_24\jre\lib\jce.jar;C:\Program Files\Java\jdk1.6.0_24\jre\lib\charsets.jar;C:\Program Files\Java\jdk1.6.0_24\jre\lib\modules\jdk.boot.jar;C:\Program Files\Java\jdk1.6.0_24\jre\classes" />
    <property name="javac.target" value="1.5" />
    <property name="build.test.classes.dir" value="build/test/classes" />
    <property name="env.CommonProgramFiles(x86)" value="C:\Program Files (x86)\Common Files" />
    <property name="src.dir" value="src" />
    <property name="env.APPDATA" value="C:\Users\leonardo\AppData\Roaming" />
    <property name="sun.awt.keepWorkingSetOnMinimize" value="true" />
    <property name="nbplatform.default.netbeans.dest.dir" value="C:\Program Files\NetBeans 6.8" />
    <property name="dist.dir" value="dist" />
    <property name="env.PATHEXT" value=".COM;.EXE;.BAT;.CMD;.VBS;.VBE;.JS;.JSE;.WSF;.WSH;.MSC" />
    <property name="scala.library" value="C:\Program Files\scala/lib/scala-library.jar" />
    <property name="java.awt.printerjob" value="sun.awt.windows.WPrinterJob" />
    <property name="default.javac.source" value="1.6" />
    <property name="javac.compilerargs.jaxws" value="" />
    <property name="env.SystemRoot" value="C:\Windows" />
    <property name="libs.MySQLDriver.src" value="" />
    <property name="sun.jnu.encoding" value="Cp1252" />
    <property name="java.runtime.version" value="1.6.0_24-b07" />
    <property name="build.test.results.dir" value="build/test/results" />
    <property name="libs.ejb3-persistence.javadoc" value="" />
    <property name="default.javac.target" value="1.6" />
    <property name="libs.junit_4.classpath" value="C:\Program Files\NetBeans 6.8\platform11\modules\ext\junit-4.5.jar" />
    <property name="user.timezone" value="" />
    <property name="do.jar" value="true" />
    <property name="netbeans.dirs" value="C:\Program Files\NetBeans 6.8\nb6.8;C:\Program Files\NetBeans 6.8\ergonomics2;C:\Program Files\NetBeans 6.8\ide12;C:\Program Files\NetBeans 6.8\java3;C:\Program Files\NetBeans 6.8\xml2;C:\Program Files\NetBeans 6.8\apisupport1;C:\Program Files\NetBeans 6.8\webcommon1;C:\Program Files\NetBeans 6.8\websvccommon1;C:\Program Files\NetBeans 6.8\enterprise6;C:\Program Files\NetBeans 6.8\mobility8;C:\Program Files\NetBeans 6.8\profiler3;C:\Program Files\NetBeans 6.8\ruby2;C:\Program Files\NetBeans 6.8\python1;C:\Program Files\NetBeans 6.8\php1;C:\Program Files\NetBeans 6.8\visualweb2;C:\Program Files\NetBeans 6.8\soa2;C:\Program Files\NetBeans 6.8\identity2;C:\Program Files\NetBeans 6.8\uml6;C:\Program Files\NetBeans 6.8\harness;C:\Program Files\NetBeans 6.8\cnd3;C:\Program Files\NetBeans 6.8\dlight2;C:\Program Files\NetBeans 6.8\groovy2;C:\Program Files\NetBeans 6.8\extra;C:\Program Files\NetBeans 6.8\javafx2;C:\Program Files\NetBeans 6.8\javacard1" />
    <property name="file.reference.iml-parser-dev_1.0.jar" value="C:\Users\leonardo\Documents\NetBeansProjects\iml-parser-dev_1.0\dist\iml-parser-dev_1.0.jar" />
    <property name="java.ext.dirs" value="C:\Program Files\Java\jdk1.6.0_24\jre\lib\ext;C:\Windows\Sun\Java\lib\ext" />
    <property name="libs.absolutelayout.classpath" value="C:\Program Files\NetBeans 6.8\java3\modules\ext\AbsoluteLayout.jar" />
    <property name="excludes" value="" />
    <property name="java.class.path" value="C:\Users\leonardo\Documents\NetBeansProjects\xcdl-analysis-dev_1.1\lib\graph-1.0.1-SNAPSHOT.jar;C:\Users\leonardo\Documents\NetBeansProjects\xcdl-analysis-dev_1.1\lib\kiama_2.8.0-1.0.1-sources.jar.zip;C:\Users\leonardo\Documents\NetBeansProjects\xcdl-analysis-dev_1.1\lib\kiama_2.8.0-1.0.1.jar;C:\Users\leonardo\Documents\NetBeansProjects\xcdl-analysis-dev_1.1\lib\optional-0.0.1.jar;C:\Users\leonardo\Documents\NetBeansProjects\xcdl-analysis-dev_1.1\lib\scalatest-1.2.jar;C:\Users\leonardo\Documents\NetBeansProjects\iml-parser-dev_1.0\dist\iml-parser-dev_1.0.jar;C:\Users\leonardo\Documents\NetBeansProjects\iml-parser-dev_1.0\dist\lib\java-cup-11a.jar;C:\Users\leonardo\Documents\NetBeansProjects\xcdl-analysis-dev_1.1\build\classes;C:\Program Files\NetBeans 6.8\platform11\modules\ext\junit-4.5.jar;C:\Users\leonardo\Documents\NetBeansProjects\xcdl-analysis-dev_1.1\build\test\classes;C:\Program Files\scala\lib\jline.jar;C:\Program Files\scala\lib\scala-compiler.jar;C:\Program Files\scala\lib\scala-dbc.jar;C:\Program Files\scala\lib\scala-library.jar;C:\Program Files\scala\lib\scala-swing.jar;C:\Program Files\scala\lib\scalap.jar;C:\Users\leonardo\Documents\NetBeansProjects\xcdl-analysis-dev_1.1;C:\Program Files (x86)\QuickTime\QTSystem\QTJava.zip;C:\Program Files\NetBeans 6.8\java3\ant\lib\ant-launcher.jar;C:\Program Files\NetBeans 6.8\java3\ant\lib\ant.jar;C:\Program Files\NetBeans 6.8\java3\ant\patches\72080.jar" />
    <property name="apple.laf.useScreenMenuBar" value="true" />
    <property name="env.Path" value="C:\Program Files (x86)\CollabNet\Subversion Client;C:\Program Files (x86)\NVIDIA Corporation\PhysX\Common;C:\Program Files (x86)\MiKTeX 2.9\miktex\bin;C:\Windows\system32;C:\Windows;C:\Windows\System32\Wbem;C:\Windows\System32\WindowsPowerShell\v1.0\;;C:\Program Files\WIDCOMM\Bluetooth Software\;C:\Program Files\WIDCOMM\Bluetooth Software\syswow64;C:\Program Files (x86)\QuickTime\QTSystem\;C:\Program Files\scala\bin;C:\Program Files (x86)\yices-1.0.29\bin;C:\Program Files\Java\jdk1.6.0_24\bin;C:\Program Files (x86)\GnuWin32\bin;C:\Program Files\cup\bin;C:\Program Files\jflex\bin" />
    <property name="libs.absolutelayout.src" value="" />
    <property name="env.USERNAME" value="leonardo" />
    <property name="os.version" value="6.1" />
    <property name="env.HOMEPATH" value="\Users\leonardo" />
    <property name="application.args" value="" />
    <property name="libs.toplink.javadoc" value="" />
    <property name="sun.desktop" value="windows" />
    <property name="ant.file.xcdl-analysis" value="C:\Users\leonardo\Documents\NetBeansProjects\xcdl-analysis-dev_1.1\build.xml" />
    <property name="file.reference.optional-0.0.1.jar" value="lib/optional-0.0.1.jar" />
    <property name="scala.home" value="C:\Program Files\scala" />
    <property name="libs.eclipselink.classpath" value="C:\Program Files\NetBeans 6.8\java3\modules\ext\eclipselink\eclipselink-2.0.0.jar;C:\Program Files\NetBeans 6.8\java3\modules\ext\eclipselink\eclipselink-javax.persistence-2.0.jar" />
    <property name="java.awt.graphicsenv" value="sun.awt.Win32GraphicsEnvironment" />
    <property name="libs.beans-binding.javadoc" value="C:\Program Files\NetBeans 6.8\java3\docs\beansbinding-1.2.1-doc.zip" />
    <property name="java.vm.vendor" value="Sun Microsystems Inc." />
    <property name="libs.CopyLibs.classpath" value="C:\Program Files\NetBeans 6.8\java3\ant\extra\org-netbeans-modules-java-j2seproject-copylibstask.jar" />
    <property name="run.jvmargs" value="" />
    <property name="libs.ejb3-persistence.classpath" value="C:\Program Files\NetBeans 6.8\java3\modules\ext\hibernate\ejb3-persistence.jar" />
    <property name="libs.spring-framework.javadoc" value="" />
    <property name="libs.PostgreSQLDriver.classpath" value="C:\Program Files\NetBeans 6.8\ide12\modules\ext\postgresql-8.3-603.jdbc3.jar" />
    <property name="scala.lib" value="C:\Program Files\scala/lib" />
    <property name="libs.junit.src" value="" />
    <property name="main.class" value="" />
    <property name="build.dir" value="build" />
    <property name="libs.CopyLibs.src" value="" />
    <property name="scalac.unchecked" value="no" />
    <property name="ant.version" value="Apache Ant version 1.7.1 compiled on June 27 2008" />
    <property name="file.encoding" value="Cp1252" />
    <property name="build.classes.excludes" value="**/*.java,**/*.form,**/*.scala" />
    <property name="javadoc.nonavbar" value="false" />
    <property name="env.QTJAVA" value="C:\Program Files (x86)\QuickTime\QTSystem\QTJava.zip" />
    <property name="platform.active" value="default_platform" />
    <property name="awt.toolkit" value="sun.awt.windows.WToolkit" />
    <property name="file.reference.graph-1.0.1-SNAPSHOT.jar" value="lib/graph-1.0.1-SNAPSHOT.jar" />
  </properties>
  <testcase classname="gsd.cdl.formula.EcosIMLTest" name="testShowCase" time="0.182">
    <error message="Unknown adapter for gsd.iml.ast.expression.ConditionalExpression" type="java.lang.Exception">java.lang.Exception: Unknown adapter for gsd.iml.ast.expression.ConditionalExpression
	at gsd.cdl.model.ImlExpressionToCDLExpression$.apply(AstAdapters.scala:163)
	at gsd.cdl.model.ImlFeatureToNode$.apply(AstAdapters.scala:189)
	at gsd.cdl.model.ImlFeatureListToImlNodeList$.apply(AstAdapters.scala:309)
	at gsd.cdl.model.ImlFeatureToNode$.apply(AstAdapters.scala:206)
	at gsd.cdl.model.ImlFeatureListToImlNodeList$.apply(AstAdapters.scala:309)
	at gsd.cdl.model.ImlFeatureToNode$.apply(AstAdapters.scala:206)
	at gsd.cdl.model.ImlFeatureListToImlNodeList$.apply(AstAdapters.scala:309)
	at gsd.cdl.EcosIML$.parseFile(IMLParser.scala:28)
	at gsd.cdl.formula.EcosIMLTest.testShowCase(EcosIMLTest.scala:18)
</error>
  </testcase>
  <system-out><![CDATA[]]></system-out>
  <system-err><![CDATA[]]></system-err>
</testsuite>
